\BOOKMARK [1][]{section*.1}{\376\377\000E\000m\000p\000l\000o\000y\000m\000e\000n\000t}{}% 1
\BOOKMARK [1][]{section*.2}{\376\377\000E\000d\000u\000c\000a\000t\000i\000o\000n}{}% 2
\BOOKMARK [1][]{section*.3}{\376\377\000S\000e\000r\000v\000i\000c\000e}{}% 3
\BOOKMARK [2][]{section*.4}{\376\377\000A\000c\000a\000d\000e\000m\000i\000c\000\040\000r\000e\000s\000p\000o\000n\000s\000i\000b\000i\000l\000i\000t\000i\000e\000s}{section*.3}% 4
\BOOKMARK [2][]{section*.5}{\376\377\000M\000e\000m\000b\000e\000r\000s\000h\000i\000p\000s}{section*.3}% 5
\BOOKMARK [2][]{section*.6}{\376\377\000R\000e\000v\000i\000e\000w\000e\000r\000\040\000a\000c\000t\000i\000v\000i\000t\000y}{section*.3}% 6
\BOOKMARK [1][]{section*.7}{\376\377\000O\000r\000g\000a\000n\000i\000z\000a\000t\000i\000o\000n}{}% 7
\BOOKMARK [1][]{section*.8}{\376\377\000F\000u\000n\000d\000i\000n\000g}{}% 8
\BOOKMARK [2][]{section*.9}{\376\377\000G\000r\000a\000n\000t\000s}{section*.8}% 9
\BOOKMARK [2][]{section*.10}{\376\377\000A\000w\000a\000r\000d\000s\000\040\000a\000n\000d\000\040\000s\000c\000h\000o\000l\000a\000r\000s\000h\000i\000p\000s}{section*.8}% 10
\BOOKMARK [1][]{section*.11}{\376\377\000T\000e\000a\000c\000h\000i\000n\000g}{}% 11
\BOOKMARK [1][]{section*.12}{\376\377\000S\000u\000p\000e\000r\000v\000i\000s\000i\000o\000n\000\040\000a\000n\000d\000\040\000m\000e\000n\000t\000o\000r\000i\000n\000g}{}% 12
\BOOKMARK [2][]{section*.13}{\376\377\000P\000h\000D\000\040\000t\000h\000e\000s\000i\000s\000\040\000s\000u\000p\000e\000r\000v\000i\000s\000i\000o\000n}{section*.12}% 13
\BOOKMARK [2][]{section*.14}{\376\377\000M\000a\000s\000t\000e\000r\000\040\000t\000h\000e\000s\000i\000s\000\040\000s\000u\000p\000e\000r\000v\000i\000s\000i\000o\000n}{section*.12}% 14
\BOOKMARK [2][]{section*.15}{\376\377\000B\000a\000c\000h\000e\000l\000o\000r\000\040\000t\000h\000e\000s\000i\000s\000\040\000s\000u\000p\000e\000r\000v\000s\000i\000o\000n}{section*.12}% 15
\BOOKMARK [2][]{section*.16}{\376\377\000O\000t\000h\000e\000r\000\040\000m\000e\000n\000t\000o\000r\000i\000n\000g}{section*.12}% 16
\BOOKMARK [1][]{section*.17}{\376\377\000M\000e\000d\000i\000a\000\040\000c\000o\000v\000e\000r\000a\000g\000e}{}% 17
\BOOKMARK [1][]{section*.18}{\376\377\000S\000k\000i\000l\000l\000s}{}% 18
\BOOKMARK [1][]{section*.19}{\376\377\000M\000u\000s\000i\000c\000a\000l\000\040\000a\000c\000t\000i\000v\000i\000t\000i\000e\000s}{}% 19
\BOOKMARK [1][]{section*.20}{\376\377\000P\000u\000b\000l\000i\000c\000a\000t\000i\000o\000n\000s}{}% 20
\BOOKMARK [2][]{section*.21}{\376\377\000J\000o\000u\000r\000n\000a\000l\000\040\000a\000r\000t\000i\000c\000l\000e\000s}{section*.20}% 21
\BOOKMARK [2][]{section*.22}{\376\377\000C\000o\000n\000f\000e\000r\000e\000n\000c\000e\000\040\000p\000a\000p\000e\000r\000s}{section*.20}% 22
\BOOKMARK [2][]{section*.23}{\376\377\000E\000d\000i\000t\000e\000d\000\040\000v\000o\000l\000u\000m\000e\000s}{section*.20}% 23
\BOOKMARK [2][]{section*.24}{\376\377\000B\000o\000o\000k\000\040\000c\000h\000a\000p\000t\000e\000r\000s}{section*.20}% 24
\BOOKMARK [2][]{section*.25}{\376\377\000B\000o\000o\000k\000\040\000r\000e\000v\000i\000e\000w\000s}{section*.20}% 25
\BOOKMARK [2][]{section*.26}{\376\377\000R\000e\000p\000o\000r\000t\000s}{section*.20}% 26
\BOOKMARK [2][]{section*.27}{\376\377\000D\000a\000t\000a\000\040\000s\000e\000t\000s}{section*.20}% 27
\BOOKMARK [2][]{section*.28}{\376\377\000B\000l\000o\000g\000\040\000p\000o\000s\000t\000s}{section*.20}% 28
\BOOKMARK [2][]{section*.29}{\376\377\000P\000r\000e\000p\000r\000i\000n\000t\000s}{section*.20}% 29
\BOOKMARK [2][]{section*.30}{\376\377\000T\000h\000e\000s\000e\000s}{section*.20}% 30
\BOOKMARK [1][]{section*.31}{\376\377\000O\000u\000t\000r\000e\000a\000c\000h}{}% 31
\BOOKMARK [2][]{section*.32}{\376\377\000I\000n\000v\000i\000t\000e\000d\000\040\000t\000a\000l\000k\000s\000\040\000a\000n\000d\000\040\000w\000o\000r\000k\000s\000h\000o\000p\000s}{section*.31}% 32
\BOOKMARK [2][]{section*.33}{\376\377\000C\000o\000n\000f\000e\000r\000e\000n\000c\000e\000\040\000p\000r\000e\000s\000e\000n\000t\000a\000t\000i\000o\000n\000s}{section*.31}% 33
\BOOKMARK [2][]{section*.34}{\376\377\000S\000c\000i\000e\000n\000c\000e\000\040\000C\000o\000m\000m\000u\000n\000i\000c\000a\000t\000i\000o\000n}{section*.31}% 34
